TN:
SF:script/DeployDiamond.s.sol
DA:34,0
FN:34,DeployDiamond.run
FNDA:0,DeployDiamond.run
DA:35,0
DA:36,0
DA:38,0
DA:44,0
DA:46,0
DA:47,0
DA:49,0
DA:50,0
DA:57,0
DA:59,0
DA:60,0
DA:61,0
DA:62,0
DA:64,0
DA:65,0
DA:66,0
DA:67,0
DA:73,0
DA:75,0
DA:76,0
DA:82,0
DA:84,0
DA:87,0
DA:88,0
DA:89,0
DA:90,0
DA:91,0
DA:92,0
DA:94,0
DA:101,0
DA:102,0
DA:103,0
DA:105,0
DA:112,0
DA:113,0
DA:114,0
DA:116,0
DA:123,0
DA:124,0
DA:125,0
DA:126,0
DA:127,0
DA:128,0
DA:129,0
DA:130,0
DA:131,0
DA:133,0
DA:139,0
DA:145,0
DA:147,0
DA:151,0
DA:157,0
DA:163,0
DA:165,0
DA:166,0
DA:167,0
DA:169,0
DA:175,0
DA:176,0
DA:177,0
DA:178,0
DA:179,0
DA:180,0
DA:181,0
DA:182,0
DA:183,0
DA:184,0
FNF:1
FNH:0
LF:68
LH:0
BRF:0
BRH:0
end_of_record
TN:
SF:src/Diamond.sol
DA:11,0
FN:11,Diamond.constructor
FNDA:0,Diamond.constructor
DA:12,0
DA:15,0
DA:16,0
DA:17,0
DA:20,0
DA:21,0
DA:22,0
DA:23,0
DA:26,0
FN:26,Diamond.fallback
FNDA:0,Diamond.fallback
DA:27,0
DA:29,0
DA:30,0
BRDA:30,0,0,-
BRDA:30,0,1,-
DA:33,0
DA:34,0
DA:35,0
DA:38,0
DA:39,0
FNF:2
FNH:0
LF:18
LH:0
BRF:2
BRH:0
end_of_record
TN:
SF:src/MostroArtistToken.sol
DA:27,0
FN:27,MostroArtistToken.initialize
FNDA:0,MostroArtistToken.initialize
DA:33,0
BRDA:33,0,0,-
DA:34,0
BRDA:34,1,0,-
DA:35,0
BRDA:35,2,0,-
DA:37,0
DA:38,0
DA:39,0
DA:40,0
DA:42,0
DA:45,0
FN:45,MostroArtistToken.name
FNDA:0,MostroArtistToken.name
DA:46,0
DA:49,0
FN:49,MostroArtistToken.symbol
FNDA:0,MostroArtistToken.symbol
DA:50,0
FNF:3
FNH:0
LF:13
LH:0
BRF:3
BRH:0
end_of_record
TN:
SF:src/MultiSigGovernance.sol
DA:51,2
FN:51,MultisigGovernance.proposalExists
FNDA:2,MultisigGovernance.proposalExists
DA:52,2
BRDA:52,0,0,0
BRDA:52,0,1,0
DA:57,2
FN:57,MultisigGovernance.notExecuted
FNDA:2,MultisigGovernance.notExecuted
DA:58,2
BRDA:58,1,0,0
BRDA:58,1,1,0
DA:67,6
FN:67,MultisigGovernance.constructor
FNDA:6,MultisigGovernance.constructor
DA:69,6
DA:70,6
DA:82,6
FN:82,MultisigGovernance.submitProposal
FNDA:6,MultisigGovernance.submitProposal
DA:83,6
BRDA:83,2,0,0
BRDA:83,2,1,0
DA:85,6
DA:87,6
DA:88,6
DA:89,6
DA:90,6
DA:91,6
DA:92,6
DA:93,6
DA:95,6
DA:97,6
DA:104,7
FN:104,MultisigGovernance.approveProposal
FNDA:7,MultisigGovernance.approveProposal
DA:109,7
BRDA:109,3,0,7
BRDA:109,3,1,0
DA:114,6
DA:117,6
BRDA:117,4,0,0
BRDA:117,4,1,0
DA:120,6
DA:122,7
BRDA:122,5,0,3
BRDA:122,5,1,0
DA:123,3
DA:125,3
DA:128,6
DA:135,2
FN:135,MultisigGovernance.executeProposal
FNDA:2,MultisigGovernance.executeProposal
DA:140,2
DA:143,2
BRDA:143,6,0,0
BRDA:143,6,1,0
DA:149,1
DA:152,2
DA:154,1
DA:156,2
BRDA:156,7,0,0
BRDA:156,7,1,0
DA:165,4
FN:165,MultisigGovernance.getProposal
FNDA:4,MultisigGovernance.getProposal
DA:178,4
DA:179,4
DA:194,2
FN:194,MultisigGovernance.hasApproved
FNDA:2,MultisigGovernance.hasApproved
DA:200,2
FNF:8
FNH:8
LF:40
LH:40
BRF:16
BRH:2
end_of_record
TN:
SF:src/facets/ConfigFacet.sol
DA:24,0
FN:24,ConfigFacet.getMultisigContract
FNDA:0,ConfigFacet.getMultisigContract
DA:25,0
DA:30,0
FN:30,ConfigFacet.setMultisigContract
FNDA:0,ConfigFacet.setMultisigContract
DA:31,0
BRDA:31,0,0,-
BRDA:31,0,1,-
DA:35,0
BRDA:35,1,0,-
BRDA:35,1,1,-
DA:39,0
DA:40,0
FNF:2
FNH:0
LF:7
LH:0
BRF:4
BRH:0
end_of_record
TN:
SF:src/facets/DiamondCutFacet.sol
DA:9,0
FN:9,DiamondCutFacet.diamondCut
FNDA:0,DiamondCutFacet.diamondCut
DA:14,0
DA:15,0
FNF:1
FNH:0
LF:3
LH:0
BRF:0
BRH:0
end_of_record
TN:
SF:src/facets/DiamondLoupeFacet.sol
DA:10,0
FN:10,DiamondLoupeFacet.facets
FNDA:0,DiamondLoupeFacet.facets
DA:11,0
DA:12,0
DA:13,0
DA:15,0
DA:16,0
DA:17,0
DA:24,0
FN:24,DiamondLoupeFacet.facetFunctionSelectors
FNDA:0,DiamondLoupeFacet.facetFunctionSelectors
DA:27,0
DA:30,0
FN:30,DiamondLoupeFacet.facetAddresses
FNDA:0,DiamondLoupeFacet.facetAddresses
DA:33,0
DA:36,0
FN:36,DiamondLoupeFacet.facetAddress
FNDA:0,DiamondLoupeFacet.facetAddress
DA:39,0
DA:45,0
FN:45,DiamondLoupeFacet.supportsInterface
FNDA:0,DiamondLoupeFacet.supportsInterface
DA:48,0
FNF:5
FNH:0
LF:15
LH:0
BRF:0
BRH:0
end_of_record
TN:
SF:src/facets/MostroRoleManagerFacet.sol
DA:12,0
FN:12,MostroRoleManagerFacet.onlySuperAdmin
FNDA:0,MostroRoleManagerFacet.onlySuperAdmin
DA:13,0
BRDA:13,0,0,-
DA:17,0
FN:17,MostroRoleManagerFacet.constructor
FNDA:0,MostroRoleManagerFacet.constructor
DA:18,0
DA:19,0
DA:20,0
DA:25,0
FN:25,MostroRoleManagerFacet.addAdmin
FNDA:0,MostroRoleManagerFacet.addAdmin
DA:26,0
BRDA:26,1,0,-
DA:27,0
BRDA:27,2,0,-
DA:28,0
BRDA:28,3,0,-
DA:30,0
DA:31,0
DA:32,0
DA:35,0
FN:35,MostroRoleManagerFacet.removeAdmin
FNDA:0,MostroRoleManagerFacet.removeAdmin
DA:36,0
BRDA:36,4,0,-
DA:38,0
DA:39,0
DA:40,0
DA:43,0
FN:43,MostroRoleManagerFacet.addSuperAdmin
FNDA:0,MostroRoleManagerFacet.addSuperAdmin
DA:44,0
BRDA:44,5,0,-
DA:45,0
BRDA:45,6,0,-
DA:46,0
BRDA:46,7,0,-
DA:48,0
DA:49,0
DA:50,0
DA:53,0
FN:53,MostroRoleManagerFacet.removeSuperAdmin
FNDA:0,MostroRoleManagerFacet.removeSuperAdmin
DA:54,0
BRDA:54,8,0,-
DA:55,0
BRDA:55,9,0,-
DA:57,0
DA:58,0
DA:59,0
DA:62,0
FN:62,MostroRoleManagerFacet.selfRevoke
FNDA:0,MostroRoleManagerFacet.selfRevoke
DA:63,0
BRDA:63,10,0,-
BRDA:63,10,1,-
DA:64,0
BRDA:64,11,0,-
DA:65,0
DA:66,0
DA:67,0
DA:68,0
BRDA:68,12,0,-
BRDA:68,12,1,-
DA:69,0
DA:70,0
DA:71,0
DA:73,0
DA:79,0
FN:79,MostroRoleManagerFacet.isAdmin
FNDA:0,MostroRoleManagerFacet.isAdmin
DA:80,0
DA:83,0
FN:83,MostroRoleManagerFacet.isSuperAdmin
FNDA:0,MostroRoleManagerFacet.isSuperAdmin
DA:84,0
DA:87,0
FN:87,MostroRoleManagerFacet.getTotalVoteWeight
FNDA:0,MostroRoleManagerFacet.getTotalVoteWeight
DA:89,0
FNF:10
FNH:0
LF:48
LH:0
BRF:15
BRH:0
end_of_record
TN:
SF:src/facets/TestFacet.sol
DA:26,0
FN:26,TestFacet.setValue
FNDA:0,TestFacet.setValue
DA:27,0
DA:28,0
DA:31,0
FN:31,TestFacet.getValue
FNDA:0,TestFacet.getValue
DA:32,0
FNF:2
FNH:0
LF:5
LH:0
BRF:0
BRH:0
end_of_record
TN:
SF:src/libraries/LibDiamond.sol
DA:33,0
FN:33,LibDiamond.diamondStorage
FNDA:0,LibDiamond.diamondStorage
DA:38,0
DA:40,0
DA:53,0
FN:53,LibDiamond.setContractOwner
FNDA:0,LibDiamond.setContractOwner
DA:54,0
DA:55,0
DA:56,0
DA:57,0
DA:60,0
FN:60,LibDiamond.contractOwner
FNDA:0,LibDiamond.contractOwner
DA:61,0
DA:64,0
FN:64,LibDiamond.enforceIsContractOwner
FNDA:0,LibDiamond.enforceIsContractOwner
DA:65,0
BRDA:65,0,0,-
BRDA:65,0,1,-
DA:81,0
FN:81,LibDiamond.diamondCut
FNDA:0,LibDiamond.diamondCut
DA:86,0
DA:87,0
DA:89,0
BRDA:89,1,0,-
BRDA:89,1,1,-
DA:90,0
DA:91,0
BRDA:91,2,0,-
BRDA:91,2,1,-
DA:92,0
DA:93,0
BRDA:93,3,0,-
BRDA:93,3,1,-
DA:94,0
DA:96,0
DA:100,0
DA:101,0
DA:104,0
FN:104,LibDiamond.addFunctions
FNDA:0,LibDiamond.addFunctions
DA:108,0
BRDA:108,4,0,-
BRDA:108,4,1,-
DA:109,0
BRDA:109,5,0,-
BRDA:109,5,1,-
DA:111,0
DA:114,0
BRDA:114,6,0,-
DA:115,0
DA:118,0
DA:119,0
DA:120,0
BRDA:120,7,0,-
BRDA:120,7,1,-
DA:125,0
DA:132,0
DA:136,0
FN:136,LibDiamond.replaceFunctions
FNDA:0,LibDiamond.replaceFunctions
DA:140,0
BRDA:140,8,0,-
BRDA:140,8,1,-
DA:141,0
BRDA:141,9,0,-
BRDA:141,9,1,-
DA:143,0
DA:145,0
BRDA:145,10,0,-
DA:146,0
DA:149,0
DA:150,0
DA:151,0
DA:153,0
BRDA:153,11,0,-
BRDA:153,11,1,-
DA:154,0
BRDA:154,12,0,-
BRDA:154,12,1,-
DA:157,0
DA:160,0
DA:167,0
DA:171,0
FN:171,LibDiamond.removeFunctions
FNDA:0,LibDiamond.removeFunctions
DA:175,0
BRDA:175,13,0,-
BRDA:175,13,1,-
DA:177,0
DA:179,0
DA:180,0
DA:181,0
DA:184,0
BRDA:184,14,0,-
BRDA:184,14,1,-
DA:185,0
BRDA:185,15,0,-
BRDA:185,15,1,-
DA:190,0
DA:194,0
BRDA:194,16,0,-
DA:195,0
DA:204,0
FN:204,LibDiamond._removeSelector
FNDA:0,LibDiamond._removeSelector
DA:209,0
DA:211,0
DA:212,0
DA:214,0
BRDA:214,17,0,-
DA:215,0
DA:216,0
DA:217,0
DA:221,0
DA:226,0
FN:226,LibDiamond._removeFacetAddress
FNDA:0,LibDiamond._removeFacetAddress
DA:230,0
DA:231,0
DA:232,0
BRDA:232,18,0,-
DA:233,0
DA:234,0
DA:235,0
DA:240,0
FN:240,LibDiamond.initializeDiamondCut
FNDA:0,LibDiamond.initializeDiamondCut
DA:244,0
BRDA:244,19,0,-
DA:246,0
DA:247,0
BRDA:247,20,0,-
DA:248,0
BRDA:248,21,0,-
BRDA:248,21,1,-
DA:250,0
DA:253,0
FNF:11
FNH:0
LF:83
LH:0
BRF:37
BRH:0
end_of_record
TN:
SF:src/libraries/StorageLibraries.sol
DA:19,0
FN:19,TestStorage.layout.0
FNDA:0,TestStorage.layout.0
DA:24,0
DA:25,0
DA:33,0
FN:33,DiamondLayoutStorage.layout.1
FNDA:0,DiamondLayoutStorage.layout.1
DA:38,0
DA:39,0
DA:47,0
FN:47,ConfigStorage.layout.2
FNDA:0,ConfigStorage.layout.2
DA:52,0
DA:53,0
DA:61,0
FN:61,MostroRoleManagerStorage.layout.3
FNDA:0,MostroRoleManagerStorage.layout.3
DA:66,0
DA:67,0
FNF:4
FNH:0
LF:12
LH:0
BRF:0
BRH:0
end_of_record
TN:
SF:src/upgradeInitializers/DiamondInit.sol
DA:27,0
FN:27,DiamondInit.init
FNDA:0,DiamondInit.init
DA:30,0
DA:31,0
BRDA:31,0,0,-
BRDA:31,0,1,-
DA:34,0
FNF:1
FNH:0
LF:4
LH:0
BRF:2
BRH:0
end_of_record
TN:
SF:test/MultiSigGovernance.t.sol
DA:12,6
FN:12,MockMostroRoleManager.setAdmin
FNDA:6,MockMostroRoleManager.setAdmin
DA:13,6
DA:16,6
FN:16,MockMostroRoleManager.setSuperAdmin
FNDA:6,MockMostroRoleManager.setSuperAdmin
DA:17,6
DA:20,4
FN:20,MockMostroRoleManager.isAdmin
FNDA:4,MockMostroRoleManager.isAdmin
DA:21,4
DA:24,13
FN:24,MockMostroRoleManager.isSuperAdmin
FNDA:13,MockMostroRoleManager.isSuperAdmin
DA:25,13
DA:32,1
FN:32,MockTarget.setValue
FNDA:1,MockTarget.setValue
DA:33,1
FNF:5
FNH:5
LF:10
LH:10
BRF:0
BRH:0
end_of_record
